<?xml version="1.0" encoding="UTF-8"?>
<!-- Generated by org.testng.reporters.JUnitReportReporter -->
<testsuite hostname="DESKTOP-01V5FL5" failures="0" tests="2" name="TestNG.Assertions_Reports" time="0.024" errors="0" timestamp="2023-03-14T17:50:14 EDT" skipped="0">
  <testcase classname="TestNG.Assertions_Reports" name="testSubtraction" time="0.003"/>
  <system-out>
    <![CDATA[Subtraction test passed.]]>
  </system-out>
  <testcase classname="TestNG.Assertions_Reports" name="testAddition" time="0.021"/>
  <system-out>
    <![CDATA[Addition test passed.]]>
  </system-out>
</testsuite> <!-- TestNG.Assertions_Reports -->
