<?xml version="1.0" encoding="UTF-8"?>
<!-- Generated by org.testng.reporters.JUnitReportReporter -->
<testsuite hostname="DESKTOP-01V5FL5" failures="0" tests="3" name="logger.LoggerTest" time="0.732" errors="0" timestamp="2023-03-13T02:45:02 EDT" skipped="0">
  <testcase classname="logger.LoggerTest" name="testInfo" time="0.002"/>
  <system-out/>
  <testcase classname="logger.LoggerTest" name="testWarn" time="0.004"/>
  <system-out/>
  <testcase classname="logger.LoggerTest" name="testError" time="0.726"/>
  <system-out/>
</testsuite> <!-- logger.LoggerTest -->
