<?xml version="1.0" encoding="UTF-8"?>
<!-- Generated by org.testng.reporters.JUnitReportReporter -->
<testsuite hostname="DESKTOP-01V5FL5" failures="0" tests="4" name="testSuite1.module1" time="0.076" errors="0" timestamp="2023-03-15T00:21:00 EDT" skipped="0">
  <testcase classname="testSuite1.module1" name="test002" time="0.020"/>
  <system-out/>
  <testcase classname="testSuite1.module1" name="test001" time="0.020"/>
  <system-out/>
  <testcase classname="testSuite1.module1" name="test003" time="0.014"/>
  <system-out/>
  <testcase classname="testSuite1.module1" name="test004" time="0.022"/>
  <system-out/>
</testsuite> <!-- testSuite1.module1 -->
