<?xml version="1.0" encoding="UTF-8"?>
<!-- Generated by org.testng.reporters.JUnitReportReporter -->
<testsuite hostname="DESKTOP-01V5FL5" failures="0" tests="7" name="TestNG.TestngEX" time="0.039" errors="0" timestamp="2023-03-14T18:13:14 EDT" skipped="0">
  <testcase classname="TestNG.TestngEX" name="test003" time="0.009"/>
  <system-out/>
  <testcase classname="TestNG.TestngEX" name="test001" time="0.002"/>
  <system-out/>
  <testcase classname="TestNG.TestngEX" name="login" time="0.004"/>
  <system-out/>
  <testcase classname="TestNG.TestngEX" name="login" time="0.004"/>
  <system-out/>
  <testcase classname="TestNG.TestngEX" name="login" time="0.015"/>
  <system-out/>
  <testcase classname="TestNG.TestngEX" name="test002" time="0.003"/>
  <system-out>
    <![CDATA[ Exectuting test case 002]]>
  </system-out>
  <testcase classname="TestNG.TestngEX" name="test004" time="0.002"/>
  <system-out/>
</testsuite> <!-- TestNG.TestngEX -->
