<?xml version="1.0" encoding="UTF-8"?>
<!-- Generated by org.testng.reporters.JUnitReportReporter -->
<testsuite hostname="DESKTOP-01V5FL5" failures="0" tests="3" name="TestNG.DataProviders" time="0.022" errors="0" timestamp="2023-03-14T19:44:11 EDT" skipped="0">
  <testcase classname="TestNG.DataProviders" name="testMethod1" time="0.002"/>
  <system-out/>
  <testcase classname="TestNG.DataProviders" name="testMethod1" time="0.002"/>
  <system-out/>
  <testcase classname="TestNG.DataProviders" name="testMethod1" time="0.018"/>
  <system-out/>
</testsuite> <!-- TestNG.DataProviders -->
