<?xml version="1.0" encoding="UTF-8"?>
<!-- Generated by org.testng.reporters.JUnitReportReporter -->
<testsuite hostname="DESKTOP-01V5FL5" failures="0" tests="3" name="TestNG.Annotations" time="0.019" errors="0" timestamp="2023-03-14T18:11:03 EDT" skipped="0">
  <testcase classname="TestNG.Annotations" name="test1" time="0.012"/>
  <system-out/>
  <testcase classname="TestNG.Annotations" name="test2" time="0.004"/>
  <system-out/>
  <testcase classname="TestNG.Annotations" name="test3" time="0.003"/>
  <system-out/>
</testsuite> <!-- TestNG.Annotations -->
