<?xml version="1.0" encoding="UTF-8"?>
<!-- Generated by org.testng.reporters.JUnitReportReporter -->
<testsuite hostname="DESKTOP-01V5FL5" failures="0" tests="2" name="TestNG_Examples.Groups" time="0.015" errors="0" timestamp="2023-03-15T00:27:10 EDT" skipped="0">
  <testcase classname="TestNG_Examples.Groups" name="test1" time="0.014"/>
  <system-out/>
  <testcase classname="TestNG_Examples.Groups" name="test2" time="0.001"/>
  <system-out/>
</testsuite> <!-- TestNG_Examples.Groups -->
