<?xml version="1.0" encoding="UTF-8"?>
<!-- Generated by org.testng.reporters.JUnitReportReporter -->
<testsuite hostname="DESKTOP-01V5FL5" failures="0" tests="6" name="TestNG_Examples.Annotations" time="0.033" errors="0" timestamp="2023-03-14T23:59:43 EDT" skipped="0">
  <testcase classname="TestNG_Examples.Annotations" name="test4" time="0.020"/>
  <system-out/>
  <testcase classname="TestNG_Examples.Annotations" name="test6" time="0.003"/>
  <system-out/>
  <testcase classname="TestNG_Examples.Annotations" name="test5" time="0.002"/>
  <system-out/>
  <testcase classname="TestNG_Examples.Annotations" name="test1" time="0.004"/>
  <system-out/>
  <testcase classname="TestNG_Examples.Annotations" name="test2" time="0.003"/>
  <system-out/>
  <testcase classname="TestNG_Examples.Annotations" name="test3" time="0.001"/>
  <system-out/>
</testsuite> <!-- TestNG_Examples.Annotations -->
