<?xml version="1.0" encoding="UTF-8"?>
<!-- Generated by org.testng.reporters.JUnitReportReporter -->
<testsuite hostname="DESKTOP-01V5FL5" failures="0" tests="2" name="TestNG_Examples.Assertions_Reports" time="0.022" errors="0" timestamp="2023-03-15T01:10:21 EDT" skipped="0">
  <testcase classname="TestNG_Examples.Assertions_Reports" name="testSubtraction" time="0.002"/>
  <system-out>
    <![CDATA[Subtraction test passed.]]>
  </system-out>
  <testcase classname="TestNG_Examples.Assertions_Reports" name="testAddition" time="0.020"/>
  <system-out>
    <![CDATA[Addition test passed.]]>
  </system-out>
</testsuite> <!-- TestNG_Examples.Assertions_Reports -->
