<?xml version="1.0" encoding="UTF-8"?>
<!-- Generated by org.testng.reporters.JUnitReportReporter -->
<testsuite hostname="DESKTOP-01V5FL5" failures="0" tests="3" name="TestNG.Groups" time="0.020" errors="0" timestamp="2023-03-14T19:47:10 EDT" skipped="0">
  <testcase classname="TestNG.Groups" name="test2" time="0.002"/>
  <system-out/>
  <testcase classname="TestNG.Groups" name="test1" time="0.016"/>
  <system-out/>
  <testcase classname="TestNG.Groups" name="test3" time="0.002"/>
  <system-out/>
</testsuite> <!-- TestNG.Groups -->
