<?xml version="1.0" encoding="UTF-8"?>
<!-- Generated by org.testng.reporters.JUnitReportReporter -->
<testsuite hostname="DESKTOP-01V5FL5" failures="0" tests="1" name="sauceDemo.Execute" time="6.576" errors="0" timestamp="2023-03-21T13:43:55 EDT" skipped="0">
  <testcase classname="sauceDemo.Execute" name="page3" time="6.576"/>
  <system-out/>
</testsuite> <!-- sauceDemo.Execute -->
