<?xml version="1.0" encoding="UTF-8"?>
<!-- Generated by org.testng.reporters.JUnitReportReporter -->
<testsuite hostname="DESKTOP-01V5FL5" failures="0" tests="3" name="TestNG_Examples.Prioritization" time="0.021" errors="0" timestamp="2023-03-15T00:46:10 EDT" skipped="0">
  <testcase classname="TestNG_Examples.Prioritization" name="testMethod1" time="0.017"/>
  <system-out/>
  <testcase classname="TestNG_Examples.Prioritization" name="testMethod2" time="0.002"/>
  <system-out/>
  <testcase classname="TestNG_Examples.Prioritization" name="testMethod3" time="0.002"/>
  <system-out/>
</testsuite> <!-- TestNG_Examples.Prioritization -->
