<?xml version="1.0" encoding="UTF-8"?>
<!-- Generated by org.testng.reporters.JUnitReportReporter -->
<testsuite hostname="DESKTOP-01V5FL5" failures="0" tests="4" name="testSuite1.module2" time="0.032" errors="0" timestamp="2023-03-15T00:21:00 EDT" skipped="0">
  <testcase classname="testSuite1.module2" name="test3" time="0.005"/>
  <system-out/>
  <testcase classname="testSuite1.module2" name="test2" time="0.009"/>
  <system-out/>
  <testcase classname="testSuite1.module2" name="test4" time="0.003"/>
  <system-out/>
  <testcase classname="testSuite1.module2" name="test1" time="0.015"/>
  <system-out/>
</testsuite> <!-- testSuite1.module2 -->
