<?xml version="1.0" encoding="UTF-8"?>
<!-- Generated by org.testng.reporters.JUnitReportReporter -->
<testsuite hostname="DESKTOP-01V5FL5" failures="0" tests="3" name="TestNG_Examples.DataProviders" time="0.022" errors="0" timestamp="2023-03-15T00:08:29 EDT" skipped="0">
  <testcase classname="TestNG_Examples.DataProviders" name="testMethod1" time="0.001"/>
  <system-out/>
  <testcase classname="TestNG_Examples.DataProviders" name="testMethod1" time="0.002"/>
  <system-out/>
  <testcase classname="TestNG_Examples.DataProviders" name="testMethod1" time="0.019"/>
  <system-out/>
</testsuite> <!-- TestNG_Examples.DataProviders -->
