<?xml version="1.0" encoding="UTF-8"?>
<!-- Generated by org.testng.reporters.JUnitReportReporter -->
<testsuite hostname="DESKTOP-01V5FL5" failures="0" tests="2" name="testSuite1.module1" time="0.011" errors="0" timestamp="2023-03-12T23:03:17 EDT" skipped="0">
  <testcase classname="testSuite1.module1" name="test001" time="0.010"/>
  <system-out/>
  <testcase classname="testSuite1.module1" name="test001" time="0.001"/>
  <system-out/>
</testsuite> <!-- testSuite1.module1 -->
